<?xml version="1.0" encoding="UTF-8"?>
<testsuite name="ParserTest" tests="3" skipped="0" failures="0" errors="0" timestamp="2025-04-23T19:00:57" hostname="DESKTOP-VMTUTHR" time="0.058">
  <properties/>
  <testcase name="testSortByName()" classname="ParserTest" time="0.04"/>
  <testcase name="testSortByRating()" classname="ParserTest" time="0.006"/>
  <testcase name="testSortByPrice()" classname="ParserTest" time="0.005"/>
  <system-out><![CDATA[]]></system-out>
  <system-err><![CDATA[]]></system-err>
</testsuite>
